2022-05-17 15:15:10,749 - INFO - ###########################################
2022-05-17 15:15:10,749 - INFO - /home/php/Documents/Thierry/OTAnalysis/data_test/verif/b1c1-2021.06.02-11.46.00.099.jpk-nt-force
2022-05-17 15:15:10,749 - INFO - ###########################################
2022-05-17 15:15:10,751 - ERROR - slice indices must be integers or None or have an __index__ method
2022-05-17 15:15:10,751 - ERROR - Traceback (most recent call last):
  File "/home/php/Documents/Thierry/OTAnalysis/otanalysis/controller/controller.py", line 226, in create_dict_curves
    error = new_curve.analyzed_curve(
  File "/home/php/Documents/Thierry/OTAnalysis/otanalysis/model/class_curve.py", line 1009, in analyzed_curve
    type_curve = self.curve_return_analyze(methods, type_curve)
  File "/home/php/Documents/Thierry/OTAnalysis/otanalysis/model/class_curve.py", line 794, in curve_return_analyze
    index_return_endline = Curve.retrieve_retour_line_end(
  File "/home/php/Documents/Thierry/OTAnalysis/otanalysis/model/class_curve.py", line 642, in retrieve_retour_line_end
    data_analyze[curve_object.features['force_max_curve']:] < line_pos_threshold)]
TypeError: slice indices must be integers or None or have an __index__ method

2022-05-17 15:15:10,751 - INFO - ###########################################
2022-05-17 15:15:10,903 - INFO - ###########################################
2022-05-17 15:15:10,903 - INFO - /home/php/Documents/Thierry/OTAnalysis/data_test/test/b3c3-2021.06.07-14.50.58.217.jpk-nt-force
2022-05-17 15:15:10,903 - INFO - ###########################################
2022-05-17 15:15:10,903 - ERROR - slice indices must be integers or None or have an __index__ method
2022-05-17 15:15:10,903 - ERROR - Traceback (most recent call last):
  File "/home/php/Documents/Thierry/OTAnalysis/otanalysis/controller/controller.py", line 226, in create_dict_curves
    error = new_curve.analyzed_curve(
  File "/home/php/Documents/Thierry/OTAnalysis/otanalysis/model/class_curve.py", line 1009, in analyzed_curve
    type_curve = self.curve_return_analyze(methods, type_curve)
  File "/home/php/Documents/Thierry/OTAnalysis/otanalysis/model/class_curve.py", line 794, in curve_return_analyze
    index_return_endline = Curve.retrieve_retour_line_end(
  File "/home/php/Documents/Thierry/OTAnalysis/otanalysis/model/class_curve.py", line 642, in retrieve_retour_line_end
    data_analyze[curve_object.features['force_max_curve']:] < line_pos_threshold)]
TypeError: slice indices must be integers or None or have an __index__ method

2022-05-17 15:15:10,903 - INFO - ###########################################
2022-05-17 15:15:11,432 - INFO - ###########################################
2022-05-17 15:15:11,433 - INFO - /home/php/Documents/Thierry/OTAnalysis/data_test/test/b3c3-2021.06.07-14.58.15.777.jpk-nt-force
2022-05-17 15:15:11,433 - INFO - ###########################################
2022-05-17 15:15:11,433 - ERROR - slice indices must be integers or None or have an __index__ method
2022-05-17 15:15:11,433 - ERROR - Traceback (most recent call last):
  File "/home/php/Documents/Thierry/OTAnalysis/otanalysis/controller/controller.py", line 226, in create_dict_curves
    error = new_curve.analyzed_curve(
  File "/home/php/Documents/Thierry/OTAnalysis/otanalysis/model/class_curve.py", line 1009, in analyzed_curve
    type_curve = self.curve_return_analyze(methods, type_curve)
  File "/home/php/Documents/Thierry/OTAnalysis/otanalysis/model/class_curve.py", line 794, in curve_return_analyze
    index_return_endline = Curve.retrieve_retour_line_end(
  File "/home/php/Documents/Thierry/OTAnalysis/otanalysis/model/class_curve.py", line 642, in retrieve_retour_line_end
    data_analyze[curve_object.features['force_max_curve']:] < line_pos_threshold)]
TypeError: slice indices must be integers or None or have an __index__ method

2022-05-17 15:15:11,434 - INFO - ###########################################
2022-05-17 15:15:11,636 - INFO - ###########################################
2022-05-17 15:15:11,636 - INFO - /home/php/Documents/Thierry/OTAnalysis/data_test/test/b3c3-2021.06.07-14.52.58.631.jpk-nt-force
2022-05-17 15:15:11,636 - INFO - ###########################################
2022-05-17 15:15:11,637 - ERROR - slice indices must be integers or None or have an __index__ method
2022-05-17 15:15:11,637 - ERROR - Traceback (most recent call last):
  File "/home/php/Documents/Thierry/OTAnalysis/otanalysis/controller/controller.py", line 226, in create_dict_curves
    error = new_curve.analyzed_curve(
  File "/home/php/Documents/Thierry/OTAnalysis/otanalysis/model/class_curve.py", line 1009, in analyzed_curve
    type_curve = self.curve_return_analyze(methods, type_curve)
  File "/home/php/Documents/Thierry/OTAnalysis/otanalysis/model/class_curve.py", line 794, in curve_return_analyze
    index_return_endline = Curve.retrieve_retour_line_end(
  File "/home/php/Documents/Thierry/OTAnalysis/otanalysis/model/class_curve.py", line 642, in retrieve_retour_line_end
    data_analyze[curve_object.features['force_max_curve']:] < line_pos_threshold)]
TypeError: slice indices must be integers or None or have an __index__ method

2022-05-17 15:15:11,637 - INFO - ###########################################
2022-05-17 15:15:11,848 - INFO - ###########################################
2022-05-17 15:15:11,849 - INFO - /home/php/Documents/Thierry/OTAnalysis/data_test/test/b7c7-2021.06.07-15.31.44.019.jpk-nt-force
2022-05-17 15:15:11,849 - INFO - ###########################################
2022-05-17 15:15:11,849 - ERROR - slice indices must be integers or None or have an __index__ method
2022-05-17 15:15:11,849 - ERROR - Traceback (most recent call last):
  File "/home/php/Documents/Thierry/OTAnalysis/otanalysis/controller/controller.py", line 226, in create_dict_curves
    error = new_curve.analyzed_curve(
  File "/home/php/Documents/Thierry/OTAnalysis/otanalysis/model/class_curve.py", line 1009, in analyzed_curve
    type_curve = self.curve_return_analyze(methods, type_curve)
  File "/home/php/Documents/Thierry/OTAnalysis/otanalysis/model/class_curve.py", line 794, in curve_return_analyze
    index_return_endline = Curve.retrieve_retour_line_end(
  File "/home/php/Documents/Thierry/OTAnalysis/otanalysis/model/class_curve.py", line 642, in retrieve_retour_line_end
    data_analyze[curve_object.features['force_max_curve']:] < line_pos_threshold)]
TypeError: slice indices must be integers or None or have an __index__ method

2022-05-17 15:15:11,849 - INFO - ###########################################
2022-05-17 15:15:12,017 - INFO - ###########################################
2022-05-17 15:15:12,017 - INFO - /home/php/Documents/Thierry/OTAnalysis/data_test/test/b3c3-2021.06.07-14.57.55.683.jpk-nt-force
2022-05-17 15:15:12,017 - INFO - ###########################################
2022-05-17 15:15:12,018 - ERROR - slice indices must be integers or None or have an __index__ method
2022-05-17 15:15:12,018 - ERROR - Traceback (most recent call last):
  File "/home/php/Documents/Thierry/OTAnalysis/otanalysis/controller/controller.py", line 226, in create_dict_curves
    error = new_curve.analyzed_curve(
  File "/home/php/Documents/Thierry/OTAnalysis/otanalysis/model/class_curve.py", line 1009, in analyzed_curve
    type_curve = self.curve_return_analyze(methods, type_curve)
  File "/home/php/Documents/Thierry/OTAnalysis/otanalysis/model/class_curve.py", line 794, in curve_return_analyze
    index_return_endline = Curve.retrieve_retour_line_end(
  File "/home/php/Documents/Thierry/OTAnalysis/otanalysis/model/class_curve.py", line 642, in retrieve_retour_line_end
    data_analyze[curve_object.features['force_max_curve']:] < line_pos_threshold)]
TypeError: slice indices must be integers or None or have an __index__ method

2022-05-17 15:15:12,018 - INFO - ###########################################
2022-05-17 15:15:12,299 - INFO - ###########################################
2022-05-17 15:15:12,299 - INFO - /home/php/Documents/Thierry/OTAnalysis/data_test/test/b1c1gg-2021.06.02-15.30.30.294.txt
2022-05-17 15:15:12,299 - INFO - ###########################################
2022-05-17 15:15:12,299 - ERROR - slice indices must be integers or None or have an __index__ method
2022-05-17 15:15:12,299 - ERROR - Traceback (most recent call last):
  File "/home/php/Documents/Thierry/OTAnalysis/otanalysis/controller/controller.py", line 226, in create_dict_curves
    error = new_curve.analyzed_curve(
  File "/home/php/Documents/Thierry/OTAnalysis/otanalysis/model/class_curve.py", line 1009, in analyzed_curve
    type_curve = self.curve_return_analyze(methods, type_curve)
  File "/home/php/Documents/Thierry/OTAnalysis/otanalysis/model/class_curve.py", line 794, in curve_return_analyze
    index_return_endline = Curve.retrieve_retour_line_end(
  File "/home/php/Documents/Thierry/OTAnalysis/otanalysis/model/class_curve.py", line 642, in retrieve_retour_line_end
    data_analyze[curve_object.features['force_max_curve']:] < line_pos_threshold)]
TypeError: slice indices must be integers or None or have an __index__ method

2022-05-17 15:15:12,299 - INFO - ###########################################
2022-05-17 15:15:12,457 - INFO - ###########################################
2022-05-17 15:15:12,458 - INFO - /home/php/Documents/Thierry/OTAnalysis/data_test/test/b3c3-2021.06.07-14.58.55.908.jpk-nt-force
2022-05-17 15:15:12,458 - INFO - ###########################################
2022-05-17 15:15:12,458 - ERROR - slice indices must be integers or None or have an __index__ method
2022-05-17 15:15:12,458 - ERROR - Traceback (most recent call last):
  File "/home/php/Documents/Thierry/OTAnalysis/otanalysis/controller/controller.py", line 226, in create_dict_curves
    error = new_curve.analyzed_curve(
  File "/home/php/Documents/Thierry/OTAnalysis/otanalysis/model/class_curve.py", line 1009, in analyzed_curve
    type_curve = self.curve_return_analyze(methods, type_curve)
  File "/home/php/Documents/Thierry/OTAnalysis/otanalysis/model/class_curve.py", line 794, in curve_return_analyze
    index_return_endline = Curve.retrieve_retour_line_end(
  File "/home/php/Documents/Thierry/OTAnalysis/otanalysis/model/class_curve.py", line 642, in retrieve_retour_line_end
    data_analyze[curve_object.features['force_max_curve']:] < line_pos_threshold)]
TypeError: slice indices must be integers or None or have an __index__ method

2022-05-17 15:15:12,458 - INFO - ###########################################
2022-05-17 15:15:12,579 - INFO - ###########################################
2022-05-17 15:15:12,579 - INFO - /home/php/Documents/Thierry/OTAnalysis/data_test/test/b1c1-2021.06.02-15.30.30.294.jpk-nt-force
2022-05-17 15:15:12,579 - INFO - ###########################################
2022-05-17 15:15:12,580 - ERROR - slice indices must be integers or None or have an __index__ method
2022-05-17 15:15:12,580 - ERROR - Traceback (most recent call last):
  File "/home/php/Documents/Thierry/OTAnalysis/otanalysis/controller/controller.py", line 226, in create_dict_curves
    error = new_curve.analyzed_curve(
  File "/home/php/Documents/Thierry/OTAnalysis/otanalysis/model/class_curve.py", line 1009, in analyzed_curve
    type_curve = self.curve_return_analyze(methods, type_curve)
  File "/home/php/Documents/Thierry/OTAnalysis/otanalysis/model/class_curve.py", line 794, in curve_return_analyze
    index_return_endline = Curve.retrieve_retour_line_end(
  File "/home/php/Documents/Thierry/OTAnalysis/otanalysis/model/class_curve.py", line 642, in retrieve_retour_line_end
    data_analyze[curve_object.features['force_max_curve']:] < line_pos_threshold)]
TypeError: slice indices must be integers or None or have an __index__ method

2022-05-17 15:15:12,580 - INFO - ###########################################
2022-05-17 15:15:12,746 - INFO - ###########################################
2022-05-17 15:15:12,746 - INFO - /home/php/Documents/Thierry/OTAnalysis/data_test/test/b4c4-2021.06.07-15.05.45.485.jpk-nt-force
2022-05-17 15:15:12,746 - INFO - ###########################################
2022-05-17 15:15:12,747 - ERROR - slice indices must be integers or None or have an __index__ method
2022-05-17 15:15:12,747 - ERROR - Traceback (most recent call last):
  File "/home/php/Documents/Thierry/OTAnalysis/otanalysis/controller/controller.py", line 226, in create_dict_curves
    error = new_curve.analyzed_curve(
  File "/home/php/Documents/Thierry/OTAnalysis/otanalysis/model/class_curve.py", line 1009, in analyzed_curve
    type_curve = self.curve_return_analyze(methods, type_curve)
  File "/home/php/Documents/Thierry/OTAnalysis/otanalysis/model/class_curve.py", line 794, in curve_return_analyze
    index_return_endline = Curve.retrieve_retour_line_end(
  File "/home/php/Documents/Thierry/OTAnalysis/otanalysis/model/class_curve.py", line 642, in retrieve_retour_line_end
    data_analyze[curve_object.features['force_max_curve']:] < line_pos_threshold)]
TypeError: slice indices must be integers or None or have an __index__ method

2022-05-17 15:15:12,747 - INFO - ###########################################
2022-05-17 15:15:12,870 - INFO - ###########################################
2022-05-17 15:15:12,870 - INFO - /home/php/Documents/Thierry/OTAnalysis/data_test/test/b2c2-2021.06.07-14.37.36.051.jpk-nt-force
2022-05-17 15:15:12,870 - INFO - ###########################################
2022-05-17 15:15:12,870 - ERROR - slice indices must be integers or None or have an __index__ method
2022-05-17 15:15:12,870 - ERROR - Traceback (most recent call last):
  File "/home/php/Documents/Thierry/OTAnalysis/otanalysis/controller/controller.py", line 226, in create_dict_curves
    error = new_curve.analyzed_curve(
  File "/home/php/Documents/Thierry/OTAnalysis/otanalysis/model/class_curve.py", line 1009, in analyzed_curve
    type_curve = self.curve_return_analyze(methods, type_curve)
  File "/home/php/Documents/Thierry/OTAnalysis/otanalysis/model/class_curve.py", line 794, in curve_return_analyze
    index_return_endline = Curve.retrieve_retour_line_end(
  File "/home/php/Documents/Thierry/OTAnalysis/otanalysis/model/class_curve.py", line 642, in retrieve_retour_line_end
    data_analyze[curve_object.features['force_max_curve']:] < line_pos_threshold)]
TypeError: slice indices must be integers or None or have an __index__ method

2022-05-17 15:15:12,870 - INFO - ###########################################
2022-05-17 15:15:13,221 - INFO - ###########################################
2022-05-17 15:15:13,221 - INFO - /home/php/Documents/Thierry/OTAnalysis/data_test/test/b3c3-2021.06.07-14.52.38.561.jpk-nt-force
2022-05-17 15:15:13,221 - INFO - ###########################################
2022-05-17 15:15:13,221 - ERROR - slice indices must be integers or None or have an __index__ method
2022-05-17 15:15:13,221 - ERROR - Traceback (most recent call last):
  File "/home/php/Documents/Thierry/OTAnalysis/otanalysis/controller/controller.py", line 226, in create_dict_curves
    error = new_curve.analyzed_curve(
  File "/home/php/Documents/Thierry/OTAnalysis/otanalysis/model/class_curve.py", line 1009, in analyzed_curve
    type_curve = self.curve_return_analyze(methods, type_curve)
  File "/home/php/Documents/Thierry/OTAnalysis/otanalysis/model/class_curve.py", line 794, in curve_return_analyze
    index_return_endline = Curve.retrieve_retour_line_end(
  File "/home/php/Documents/Thierry/OTAnalysis/otanalysis/model/class_curve.py", line 642, in retrieve_retour_line_end
    data_analyze[curve_object.features['force_max_curve']:] < line_pos_threshold)]
TypeError: slice indices must be integers or None or have an __index__ method

2022-05-17 15:15:13,221 - INFO - ###########################################
2022-05-17 15:15:13,412 - INFO - ###########################################
2022-05-17 15:15:13,412 - INFO - /home/php/Documents/Thierry/OTAnalysis/data_test/test/b1c1-2021.06.07-14.28.30.039.jpk-nt-force
2022-05-17 15:15:13,412 - INFO - ###########################################
2022-05-17 15:15:13,413 - ERROR - slice indices must be integers or None or have an __index__ method
2022-05-17 15:15:13,413 - ERROR - Traceback (most recent call last):
  File "/home/php/Documents/Thierry/OTAnalysis/otanalysis/controller/controller.py", line 226, in create_dict_curves
    error = new_curve.analyzed_curve(
  File "/home/php/Documents/Thierry/OTAnalysis/otanalysis/model/class_curve.py", line 1009, in analyzed_curve
    type_curve = self.curve_return_analyze(methods, type_curve)
  File "/home/php/Documents/Thierry/OTAnalysis/otanalysis/model/class_curve.py", line 794, in curve_return_analyze
    index_return_endline = Curve.retrieve_retour_line_end(
  File "/home/php/Documents/Thierry/OTAnalysis/otanalysis/model/class_curve.py", line 642, in retrieve_retour_line_end
    data_analyze[curve_object.features['force_max_curve']:] < line_pos_threshold)]
TypeError: slice indices must be integers or None or have an __index__ method

2022-05-17 15:15:13,413 - INFO - ###########################################
2022-05-17 15:15:13,566 - INFO - ###########################################
2022-05-17 15:15:13,566 - INFO - /home/php/Documents/Thierry/OTAnalysis/data_test/test/b3c3-2021.06.07-15.00.15.683.jpk-nt-force
2022-05-17 15:15:13,566 - INFO - ###########################################
2022-05-17 15:15:13,567 - ERROR - slice indices must be integers or None or have an __index__ method
2022-05-17 15:15:13,567 - ERROR - Traceback (most recent call last):
  File "/home/php/Documents/Thierry/OTAnalysis/otanalysis/controller/controller.py", line 226, in create_dict_curves
    error = new_curve.analyzed_curve(
  File "/home/php/Documents/Thierry/OTAnalysis/otanalysis/model/class_curve.py", line 1009, in analyzed_curve
    type_curve = self.curve_return_analyze(methods, type_curve)
  File "/home/php/Documents/Thierry/OTAnalysis/otanalysis/model/class_curve.py", line 794, in curve_return_analyze
    index_return_endline = Curve.retrieve_retour_line_end(
  File "/home/php/Documents/Thierry/OTAnalysis/otanalysis/model/class_curve.py", line 642, in retrieve_retour_line_end
    data_analyze[curve_object.features['force_max_curve']:] < line_pos_threshold)]
TypeError: slice indices must be integers or None or have an __index__ method

2022-05-17 15:15:13,567 - INFO - ###########################################
2022-05-17 15:15:13,735 - INFO - ###########################################
2022-05-17 15:15:13,735 - INFO - /home/php/Documents/Thierry/OTAnalysis/data_test/test/b6c6-2021.06.07-15.20.55.095.jpk-nt-force
2022-05-17 15:15:13,735 - INFO - ###########################################
2022-05-17 15:15:13,735 - ERROR - slice indices must be integers or None or have an __index__ method
2022-05-17 15:15:13,735 - ERROR - Traceback (most recent call last):
  File "/home/php/Documents/Thierry/OTAnalysis/otanalysis/controller/controller.py", line 226, in create_dict_curves
    error = new_curve.analyzed_curve(
  File "/home/php/Documents/Thierry/OTAnalysis/otanalysis/model/class_curve.py", line 1009, in analyzed_curve
    type_curve = self.curve_return_analyze(methods, type_curve)
  File "/home/php/Documents/Thierry/OTAnalysis/otanalysis/model/class_curve.py", line 794, in curve_return_analyze
    index_return_endline = Curve.retrieve_retour_line_end(
  File "/home/php/Documents/Thierry/OTAnalysis/otanalysis/model/class_curve.py", line 642, in retrieve_retour_line_end
    data_analyze[curve_object.features['force_max_curve']:] < line_pos_threshold)]
TypeError: slice indices must be integers or None or have an __index__ method

2022-05-17 15:15:13,735 - INFO - ###########################################
2022-05-17 15:15:13,902 - INFO - ###########################################
2022-05-17 15:15:13,902 - INFO - /home/php/Documents/Thierry/OTAnalysis/data_test/test/b7c7-2021.06.07-15.32.44.493.jpk-nt-force
2022-05-17 15:15:13,902 - INFO - ###########################################
2022-05-17 15:15:13,902 - ERROR - slice indices must be integers or None or have an __index__ method
2022-05-17 15:15:13,902 - ERROR - Traceback (most recent call last):
  File "/home/php/Documents/Thierry/OTAnalysis/otanalysis/controller/controller.py", line 226, in create_dict_curves
    error = new_curve.analyzed_curve(
  File "/home/php/Documents/Thierry/OTAnalysis/otanalysis/model/class_curve.py", line 1009, in analyzed_curve
    type_curve = self.curve_return_analyze(methods, type_curve)
  File "/home/php/Documents/Thierry/OTAnalysis/otanalysis/model/class_curve.py", line 794, in curve_return_analyze
    index_return_endline = Curve.retrieve_retour_line_end(
  File "/home/php/Documents/Thierry/OTAnalysis/otanalysis/model/class_curve.py", line 642, in retrieve_retour_line_end
    data_analyze[curve_object.features['force_max_curve']:] < line_pos_threshold)]
TypeError: slice indices must be integers or None or have an __index__ method

2022-05-17 15:15:13,902 - INFO - ###########################################
2022-05-17 15:15:14,058 - INFO - ###########################################
2022-05-17 15:15:14,058 - INFO - /home/php/Documents/Thierry/OTAnalysis/data_test/test/b3c3-2021.06.07-14.56.40.932.jpk-nt-force
2022-05-17 15:15:14,058 - INFO - ###########################################
2022-05-17 15:15:14,059 - ERROR - slice indices must be integers or None or have an __index__ method
2022-05-17 15:15:14,059 - ERROR - Traceback (most recent call last):
  File "/home/php/Documents/Thierry/OTAnalysis/otanalysis/controller/controller.py", line 226, in create_dict_curves
    error = new_curve.analyzed_curve(
  File "/home/php/Documents/Thierry/OTAnalysis/otanalysis/model/class_curve.py", line 1009, in analyzed_curve
    type_curve = self.curve_return_analyze(methods, type_curve)
  File "/home/php/Documents/Thierry/OTAnalysis/otanalysis/model/class_curve.py", line 794, in curve_return_analyze
    index_return_endline = Curve.retrieve_retour_line_end(
  File "/home/php/Documents/Thierry/OTAnalysis/otanalysis/model/class_curve.py", line 642, in retrieve_retour_line_end
    data_analyze[curve_object.features['force_max_curve']:] < line_pos_threshold)]
TypeError: slice indices must be integers or None or have an __index__ method

2022-05-17 15:15:14,059 - INFO - ###########################################
2022-05-17 15:15:14,429 - INFO - ###########################################
2022-05-17 15:15:14,429 - INFO - /home/php/Documents/Thierry/OTAnalysis/data_test/test/b3c3-2021.06.07-15.00.35.722.jpk-nt-force
2022-05-17 15:15:14,429 - INFO - ###########################################
2022-05-17 15:15:14,430 - ERROR - slice indices must be integers or None or have an __index__ method
2022-05-17 15:15:14,430 - ERROR - Traceback (most recent call last):
  File "/home/php/Documents/Thierry/OTAnalysis/otanalysis/controller/controller.py", line 226, in create_dict_curves
    error = new_curve.analyzed_curve(
  File "/home/php/Documents/Thierry/OTAnalysis/otanalysis/model/class_curve.py", line 1009, in analyzed_curve
    type_curve = self.curve_return_analyze(methods, type_curve)
  File "/home/php/Documents/Thierry/OTAnalysis/otanalysis/model/class_curve.py", line 794, in curve_return_analyze
    index_return_endline = Curve.retrieve_retour_line_end(
  File "/home/php/Documents/Thierry/OTAnalysis/otanalysis/model/class_curve.py", line 642, in retrieve_retour_line_end
    data_analyze[curve_object.features['force_max_curve']:] < line_pos_threshold)]
TypeError: slice indices must be integers or None or have an __index__ method

2022-05-17 15:15:14,430 - INFO - ###########################################
2022-05-17 15:15:14,594 - INFO - ###########################################
2022-05-17 15:15:14,594 - INFO - /home/php/Documents/Thierry/OTAnalysis/data_test/test/b7c7-2021.06.07-15.33.44.786.jpk-nt-force
2022-05-17 15:15:14,594 - INFO - ###########################################
2022-05-17 15:15:14,594 - ERROR - slice indices must be integers or None or have an __index__ method
2022-05-17 15:15:14,594 - ERROR - Traceback (most recent call last):
  File "/home/php/Documents/Thierry/OTAnalysis/otanalysis/controller/controller.py", line 226, in create_dict_curves
    error = new_curve.analyzed_curve(
  File "/home/php/Documents/Thierry/OTAnalysis/otanalysis/model/class_curve.py", line 1009, in analyzed_curve
    type_curve = self.curve_return_analyze(methods, type_curve)
  File "/home/php/Documents/Thierry/OTAnalysis/otanalysis/model/class_curve.py", line 794, in curve_return_analyze
    index_return_endline = Curve.retrieve_retour_line_end(
  File "/home/php/Documents/Thierry/OTAnalysis/otanalysis/model/class_curve.py", line 642, in retrieve_retour_line_end
    data_analyze[curve_object.features['force_max_curve']:] < line_pos_threshold)]
TypeError: slice indices must be integers or None or have an __index__ method

2022-05-17 15:15:14,594 - INFO - ###########################################
2022-05-17 15:15:14,756 - INFO - ###########################################
2022-05-17 15:15:14,756 - INFO - /home/php/Documents/Thierry/OTAnalysis/data_test/test/b3c3-2021.06.07-14.58.35.877.jpk-nt-force
2022-05-17 15:15:14,756 - INFO - ###########################################
2022-05-17 15:15:14,756 - ERROR - slice indices must be integers or None or have an __index__ method
2022-05-17 15:15:14,757 - ERROR - Traceback (most recent call last):
  File "/home/php/Documents/Thierry/OTAnalysis/otanalysis/controller/controller.py", line 226, in create_dict_curves
    error = new_curve.analyzed_curve(
  File "/home/php/Documents/Thierry/OTAnalysis/otanalysis/model/class_curve.py", line 1009, in analyzed_curve
    type_curve = self.curve_return_analyze(methods, type_curve)
  File "/home/php/Documents/Thierry/OTAnalysis/otanalysis/model/class_curve.py", line 794, in curve_return_analyze
    index_return_endline = Curve.retrieve_retour_line_end(
  File "/home/php/Documents/Thierry/OTAnalysis/otanalysis/model/class_curve.py", line 642, in retrieve_retour_line_end
    data_analyze[curve_object.features['force_max_curve']:] < line_pos_threshold)]
TypeError: slice indices must be integers or None or have an __index__ method

2022-05-17 15:15:14,757 - INFO - ###########################################
2022-05-17 15:15:14,905 - INFO - ###########################################
2022-05-17 15:15:14,905 - INFO - /home/php/Documents/Thierry/OTAnalysis/data_test/jpk_nt_force/b3c3-2021.06.07-14.50.58.217.jpk-nt-force
2022-05-17 15:15:14,905 - INFO - ###########################################
2022-05-17 15:15:14,905 - ERROR - slice indices must be integers or None or have an __index__ method
2022-05-17 15:15:14,905 - ERROR - Traceback (most recent call last):
  File "/home/php/Documents/Thierry/OTAnalysis/otanalysis/controller/controller.py", line 226, in create_dict_curves
    error = new_curve.analyzed_curve(
  File "/home/php/Documents/Thierry/OTAnalysis/otanalysis/model/class_curve.py", line 1009, in analyzed_curve
    type_curve = self.curve_return_analyze(methods, type_curve)
  File "/home/php/Documents/Thierry/OTAnalysis/otanalysis/model/class_curve.py", line 794, in curve_return_analyze
    index_return_endline = Curve.retrieve_retour_line_end(
  File "/home/php/Documents/Thierry/OTAnalysis/otanalysis/model/class_curve.py", line 642, in retrieve_retour_line_end
    data_analyze[curve_object.features['force_max_curve']:] < line_pos_threshold)]
TypeError: slice indices must be integers or None or have an __index__ method

2022-05-17 15:15:14,905 - INFO - ###########################################
2022-05-17 15:15:15,161 - INFO - ###########################################
2022-05-17 15:15:15,161 - INFO - /home/php/Documents/Thierry/OTAnalysis/data_test/txt/b2c2g-2021.06.04-15.26.42.925.txt
2022-05-17 15:15:15,162 - INFO - ###########################################
2022-05-17 15:15:15,163 - ERROR - slice indices must be integers or None or have an __index__ method
2022-05-17 15:15:15,163 - ERROR - Traceback (most recent call last):
  File "/home/php/Documents/Thierry/OTAnalysis/otanalysis/controller/controller.py", line 226, in create_dict_curves
    error = new_curve.analyzed_curve(
  File "/home/php/Documents/Thierry/OTAnalysis/otanalysis/model/class_curve.py", line 1009, in analyzed_curve
    type_curve = self.curve_return_analyze(methods, type_curve)
  File "/home/php/Documents/Thierry/OTAnalysis/otanalysis/model/class_curve.py", line 794, in curve_return_analyze
    index_return_endline = Curve.retrieve_retour_line_end(
  File "/home/php/Documents/Thierry/OTAnalysis/otanalysis/model/class_curve.py", line 642, in retrieve_retour_line_end
    data_analyze[curve_object.features['force_max_curve']:] < line_pos_threshold)]
TypeError: slice indices must be integers or None or have an __index__ method

2022-05-17 15:15:15,163 - INFO - ###########################################
2022-05-17 15:15:15,459 - INFO - ###########################################
2022-05-17 15:15:15,459 - INFO - /home/php/Documents/Thierry/OTAnalysis/data_test/txt/b1c1gg-2021.06.02-15.34.26.234.txt
2022-05-17 15:15:15,459 - INFO - ###########################################
2022-05-17 15:15:15,460 - ERROR - slice indices must be integers or None or have an __index__ method
2022-05-17 15:15:15,460 - ERROR - Traceback (most recent call last):
  File "/home/php/Documents/Thierry/OTAnalysis/otanalysis/controller/controller.py", line 226, in create_dict_curves
    error = new_curve.analyzed_curve(
  File "/home/php/Documents/Thierry/OTAnalysis/otanalysis/model/class_curve.py", line 1009, in analyzed_curve
    type_curve = self.curve_return_analyze(methods, type_curve)
  File "/home/php/Documents/Thierry/OTAnalysis/otanalysis/model/class_curve.py", line 794, in curve_return_analyze
    index_return_endline = Curve.retrieve_retour_line_end(
  File "/home/php/Documents/Thierry/OTAnalysis/otanalysis/model/class_curve.py", line 642, in retrieve_retour_line_end
    data_analyze[curve_object.features['force_max_curve']:] < line_pos_threshold)]
TypeError: slice indices must be integers or None or have an __index__ method

2022-05-17 15:15:15,460 - INFO - ###########################################
2022-05-17 15:15:15,701 - INFO - ###########################################
2022-05-17 15:15:15,701 - INFO - /home/php/Documents/Thierry/OTAnalysis/data_test/txt/b1c1gg-2021.06.02-15.32.23.111.txt
2022-05-17 15:15:15,701 - INFO - ###########################################
2022-05-17 15:15:15,702 - ERROR - slice indices must be integers or None or have an __index__ method
2022-05-17 15:15:15,702 - ERROR - Traceback (most recent call last):
  File "/home/php/Documents/Thierry/OTAnalysis/otanalysis/controller/controller.py", line 226, in create_dict_curves
    error = new_curve.analyzed_curve(
  File "/home/php/Documents/Thierry/OTAnalysis/otanalysis/model/class_curve.py", line 1009, in analyzed_curve
    type_curve = self.curve_return_analyze(methods, type_curve)
  File "/home/php/Documents/Thierry/OTAnalysis/otanalysis/model/class_curve.py", line 794, in curve_return_analyze
    index_return_endline = Curve.retrieve_retour_line_end(
  File "/home/php/Documents/Thierry/OTAnalysis/otanalysis/model/class_curve.py", line 642, in retrieve_retour_line_end
    data_analyze[curve_object.features['force_max_curve']:] < line_pos_threshold)]
TypeError: slice indices must be integers or None or have an __index__ method

2022-05-17 15:15:15,702 - INFO - ###########################################
2022-05-17 15:15:16,011 - INFO - ###########################################
2022-05-17 15:15:16,011 - INFO - /home/php/Documents/Thierry/OTAnalysis/data_test/txt/b1c1gg-2021.06.02-15.34.06.018.txt
2022-05-17 15:15:16,011 - INFO - ###########################################
2022-05-17 15:15:16,012 - ERROR - slice indices must be integers or None or have an __index__ method
2022-05-17 15:15:16,012 - ERROR - Traceback (most recent call last):
  File "/home/php/Documents/Thierry/OTAnalysis/otanalysis/controller/controller.py", line 226, in create_dict_curves
    error = new_curve.analyzed_curve(
  File "/home/php/Documents/Thierry/OTAnalysis/otanalysis/model/class_curve.py", line 1009, in analyzed_curve
    type_curve = self.curve_return_analyze(methods, type_curve)
  File "/home/php/Documents/Thierry/OTAnalysis/otanalysis/model/class_curve.py", line 794, in curve_return_analyze
    index_return_endline = Curve.retrieve_retour_line_end(
  File "/home/php/Documents/Thierry/OTAnalysis/otanalysis/model/class_curve.py", line 642, in retrieve_retour_line_end
    data_analyze[curve_object.features['force_max_curve']:] < line_pos_threshold)]
TypeError: slice indices must be integers or None or have an __index__ method

2022-05-17 15:15:16,012 - INFO - ###########################################
